<?xml version="1.0" encoding="UTF-8"?>
<!-- Generated by org.testng.reporters.JUnitReportReporter -->
<testsuite hostname="Anahita" failures="0" tests="9" name="api.test.DDTests" time="15.828" errors="0" timestamp="2024-01-02T02:38:35 NZDT" skipped="0">
  <testcase classname="api.test.DDTests" name="testPostUser" time="1.422"/>
  <system-out/>
  <testcase classname="api.test.DDTests" name="testPostUser" time="3.563"/>
  <system-out/>
  <testcase classname="api.test.DDTests" name="testPostUser" time="1.533"/>
  <system-out/>
  <testcase classname="api.test.DDTests" name="testGetUser" time="1.226"/>
  <system-out/>
  <testcase classname="api.test.DDTests" name="testGetUser" time="1.565"/>
  <system-out/>
  <testcase classname="api.test.DDTests" name="testGetUser" time="1.529"/>
  <system-out/>
  <testcase classname="api.test.DDTests" name="testDeleteUser" time="1.322"/>
  <system-out/>
  <testcase classname="api.test.DDTests" name="testDeleteUser" time="1.352"/>
  <system-out/>
  <testcase classname="api.test.DDTests" name="testDeleteUser" time="2.316"/>
  <system-out/>
</testsuite> <!-- api.test.DDTests -->
