<?xml version="1.0" encoding="UTF-8"?>
<!-- Generated by org.testng.reporters.JUnitReportReporter -->
<testsuite hostname="Anahita" failures="0" tests="4" name="api.test.UserTests" time="6.456" errors="0" timestamp="2024-01-02T21:56:41 NZDT" skipped="0">
  <testcase classname="api.test.UserTests" name="testPostUser" time="2.479"/>
  <system-out/>
  <testcase classname="api.test.UserTests" name="testGetUserbyName" time="1.026"/>
  <system-out/>
  <testcase classname="api.test.UserTests" name="testUpdateUserbyName" time="1.968"/>
  <system-out/>
  <testcase classname="api.test.UserTests" name="testDeleteUserByName" time="0.983"/>
  <system-out/>
</testsuite> <!-- api.test.UserTests -->
