<?xml version="1.0" encoding="UTF-8"?>
<!-- Generated by org.testng.reporters.JUnitReportReporter -->
<testsuite hostname="Anahita" failures="0" tests="4" name="api.test.UserTests2" time="7.602" errors="0" timestamp="2024-01-03T13:49:19 NZDT" skipped="0">
  <testcase classname="api.test.UserTests2" name="testPostUser" time="2.646"/>
  <system-out/>
  <testcase classname="api.test.UserTests2" name="testGetUserbyName" time="1.280"/>
  <system-out/>
  <testcase classname="api.test.UserTests2" name="testUpdateUserbyName" time="2.451"/>
  <system-out/>
  <testcase classname="api.test.UserTests2" name="testDeleteUserByName" time="1.225"/>
  <system-out/>
</testsuite> <!-- api.test.UserTests2 -->
