<?xml version="1.0" encoding="UTF-8"?>
<!-- Generated by org.testng.reporters.JUnitReportReporter -->
<testsuite hostname="Anahita" failures="0" tests="4" name="api.test.UserTests2" time="6.871" errors="0" timestamp="2024-01-10T01:17:43 NZDT" skipped="0">
  <testcase classname="api.test.UserTests2" name="testPostUser" time="2.709"/>
  <system-out/>
  <testcase classname="api.test.UserTests2" name="testGetUserbyName" time="1.104"/>
  <system-out/>
  <testcase classname="api.test.UserTests2" name="testUpdateUserbyName" time="1.979"/>
  <system-out/>
  <testcase classname="api.test.UserTests2" name="testDeleteUserByName" time="1.079"/>
  <system-out/>
</testsuite> <!-- api.test.UserTests2 -->
