<?xml version="1.0" encoding="UTF-8"?>
<!-- Generated by org.testng.reporters.JUnitReportReporter -->
<testsuite hostname="Anahita" failures="0" tests="4" name="api.test.UserTests2" time="6.330" errors="0" timestamp="2024-01-03T23:56:17 NZDT" skipped="0">
  <testcase classname="api.test.UserTests2" name="testPostUser" time="2.383"/>
  <system-out/>
  <testcase classname="api.test.UserTests2" name="testGetUserbyName" time="1.004"/>
  <system-out/>
  <testcase classname="api.test.UserTests2" name="testUpdateUserbyName" time="1.963"/>
  <system-out/>
  <testcase classname="api.test.UserTests2" name="testDeleteUserByName" time="0.980"/>
  <system-out/>
</testsuite> <!-- api.test.UserTests2 -->
