<?xml version="1.0" encoding="UTF-8"?>
<!-- Generated by org.testng.reporters.JUnitReportReporter -->
<testsuite hostname="Anahita" failures="0" tests="4" name="api.test.UserTests" time="6.516" errors="0" timestamp="2024-01-15T21:56:20 NZDT" skipped="0">
  <testcase classname="api.test.UserTests" name="testPostUser" time="2.478"/>
  <system-out/>
  <testcase classname="api.test.UserTests" name="testGetUserbyName" time="1.036"/>
  <system-out/>
  <testcase classname="api.test.UserTests" name="testUpdateUserbyName" time="1.972"/>
  <system-out/>
  <testcase classname="api.test.UserTests" name="testDeleteUserByName" time="1.030"/>
  <system-out/>
</testsuite> <!-- api.test.UserTests -->
